<?xml version="1.0" encoding="UTF-8"?>
<!-- Generated by org.testng.reporters.JUnitReportReporter -->
<testsuite hostname="sxazf-PC" name="com.demo.Test5" tests="1" failures="0" timestamp="3 Dec 2014 14:43:18 GMT" time="50.140" errors="0">
  <testcase name="testBaidu" time="50.140" classname="com.demo.Test5"/>
</testsuite> <!-- com.demo.Test5 -->
