<?xml version="1.0" encoding="UTF-8"?>
<!-- Generated by org.testng.reporters.JUnitReportReporter -->
<testsuite hostname="FX-JSJ880" name="com.demo.Test1" tests="2" failures="0" timestamp="28 Nov 2014 09:17:17 GMT" time="0.010" errors="0">
  <testcase name="testData" time="0.001" classname="com.demo.Test1"/>
  <testcase name="testData" time="0.009" classname="com.demo.Test1"/>
</testsuite> <!-- com.demo.Test1 -->
