<?xml version="1.0" encoding="UTF-8"?>
<!-- Generated by org.testng.reporters.JUnitReportReporter -->
<testsuite hostname="sxazf-PC" name="com.demo.Test2" tests="4" failures="0" timestamp="30 Nov 2014 13:39:50 GMT" time="0.047" errors="0">
  <testcase name="test1" time="0.016" classname="com.demo.Test2"/>
  <testcase name="testData" time="0.031" classname="com.demo.Test2"/>
  <testcase name="test2" time="0.000" classname="com.demo.Test2"/>
  <testcase name="testData" time="0.000" classname="com.demo.Test2"/>
</testsuite> <!-- com.demo.Test2 -->
