<?xml version="1.0" encoding="UTF-8"?>
<!-- Generated by org.testng.reporters.JUnitReportReporter -->
<testsuite hostname="sxazf-PC" name="com.demo.Test9" tests="1" failures="0" timestamp="5 Dec 2014 14:41:54 GMT" time="4.461" errors="0">
  <testcase name="testInput" time="4.461" classname="com.demo.Test9"/>
</testsuite> <!-- com.demo.Test9 -->
