<?xml version="1.0" encoding="UTF-8"?>
<!-- Generated by org.testng.reporters.JUnitReportReporter -->
<testsuite hostname="sxazf-PC" name="com.demo.Test6" tests="1" failures="0" timestamp="3 Dec 2014 15:32:30 GMT" time="0.124" errors="0">
  <testcase name="testLog" time="0.124" classname="com.demo.Test6"/>
</testsuite> <!-- com.demo.Test6 -->
