<?xml version="1.0" encoding="UTF-8"?>
<!-- Generated by org.testng.reporters.JUnitReportReporter -->
<testsuite hostname="sxazf-PC" name="com.test.testcases.Test1" tests="2" failures="0" timestamp="19 Dec 2014 17:18:25 GMT" time="0.078" errors="0">
  <testcase name="testLogin" time="0.063" classname="com.test.testcases.Test1"/>
  <testcase name="testLogin" time="0.015" classname="com.test.testcases.Test1"/>
</testsuite> <!-- com.test.testcases.Test1 -->
