<?xml version="1.0" encoding="UTF-8"?>
<!-- Generated by org.testng.reporters.JUnitReportReporter -->
<testsuite hostname="FX-JSJ880" name="com.test.base.Test1" tests="1" failures="0" timestamp="17 Dec 2014 07:00:19 GMT" time="0.010" errors="0">
  <testcase name="test2" time="0.010" classname="com.test.base.Test1"/>
</testsuite> <!-- com.test.base.Test1 -->
