<?xml version="1.0" encoding="UTF-8"?>
<!-- Generated by org.testng.reporters.JUnitReportReporter -->
<testsuite hostname="sxazf-PC" name="com.test.testcases.Shopping" tests="1" failures="0" timestamp="19 Dec 2014 15:58:39 GMT" time="30.467" errors="0">
  <testcase name="testShopping" time="30.467" classname="com.test.testcases.Shopping"/>
</testsuite> <!-- com.test.testcases.Shopping -->
